{"C:\\Users\\alexs\\OneDrive\\Coding Projects\\testing\\js files\\add.js": {"path":"C:\\Users\\alexs\\OneDrive\\Coding Projects\\testing\\js files\\add.js","statementMap":{"0":{"start":{"line":2,"column":2},"end":{"line":2,"column":21}},"1":{"start":{"line":5,"column":0},"end":{"line":5,"column":25}}},"fnMap":{"0":{"name":"addNums","decl":{"start":{"line":1,"column":9},"end":{"line":1,"column":16}},"loc":{"start":{"line":1,"column":29},"end":{"line":3,"column":1}},"line":1}},"branchMap":{},"s":{"0":1,"1":1},"f":{"0":1},"b":{},"_coverageSchema":"1a1c01bbd47fc00a2c39e90264f33305004495a9","hash":"76cec0796604714e4b8821b4a8617b1b52acea5d"}
,"C:\\Users\\alexs\\OneDrive\\Coding Projects\\testing\\js files\\cloneArray.js": {"path":"C:\\Users\\alexs\\OneDrive\\Coding Projects\\testing\\js files\\cloneArray.js","statementMap":{"0":{"start":{"line":2,"column":2},"end":{"line":2,"column":20}},"1":{"start":{"line":5,"column":0},"end":{"line":5,"column":28}}},"fnMap":{"0":{"name":"cloneArray","decl":{"start":{"line":1,"column":9},"end":{"line":1,"column":19}},"loc":{"start":{"line":1,"column":27},"end":{"line":3,"column":1}},"line":1}},"branchMap":{},"s":{"0":1,"1":1},"f":{"0":1},"b":{},"_coverageSchema":"1a1c01bbd47fc00a2c39e90264f33305004495a9","hash":"3baa17224287f1fe3395a13a614e94aecfd1f9fd"}
,"C:\\Users\\alexs\\OneDrive\\Coding Projects\\testing\\js files\\subtract.js": {"path":"C:\\Users\\alexs\\OneDrive\\Coding Projects\\testing\\js files\\subtract.js","statementMap":{"0":{"start":{"line":2,"column":2},"end":{"line":2,"column":21}},"1":{"start":{"line":5,"column":0},"end":{"line":5,"column":30}}},"fnMap":{"0":{"name":"subtractNums","decl":{"start":{"line":1,"column":9},"end":{"line":1,"column":21}},"loc":{"start":{"line":1,"column":34},"end":{"line":3,"column":1}},"line":1}},"branchMap":{},"s":{"0":1,"1":1},"f":{"0":1},"b":{},"_coverageSchema":"1a1c01bbd47fc00a2c39e90264f33305004495a9","hash":"bada748b01dbcf1cf8681d9d4319144274fd7fb5"}
}
